Backup of data directory... 
Migrating 'MonitorizareaMediului' model ...



The 'MonitorizareaMediului' model will be migrated:
   from: Infrastructure v2.1.03
   to:   Infrastructure v2.1.04
with the following steps:
 - from 'Infrastructure v2.1.03' to 'Infrastructure v2.1.04'


Migrating 'MonitorizareaMediului' from Infrastructure v2.1.03 toward Infrastructure v2.1.04...
------------------------------------
Rebuilding 'MonitorizareaMediului' indexes...
 Running 'NoopMofRepositoryModifyMigration' migrator ... 
Running class org.modelio.bpmn.diagram.editor.contributor.BpmnMmMigrationContributor migration contributor ...
Running class org.modelio.diagram.editor.contributors.DiagramMigrationContributor migration contributor ...
Migrating 'Activity Activity diagram'{ff9cbbef-dc13-46dd-bb43-7b75601959df} Standard.ActivityDiagram diagram in 'Activity'{d2526de5-d56b-46ed-9293-98d6bc4256f3} Standard.Activity...
Migrating 'Activity Activity diagram'{e15cf9b2-5d93-4bed-b5bf-ffa6ddd2dbd1} Standard.ActivityDiagram diagram in 'Activity'{5ff724fa-2362-4c45-93ff-53b900e48b0c} Standard.Activity...
Migrating 'Activity Activity diagram'{44a7c67f-5dd9-4e42-9b7c-7e748becee1a} Standard.ActivityDiagram diagram in 'Activity'{35a4dbc7-948b-4fe7-b259-248409156faa} Standard.Activity...
Migrating 'colectarea datelor'{101c97ce-0111-478c-ac94-79160f66b930} Standard.CommunicationDiagram diagram in 'colectarea datelor'{492abcaa-4c34-465e-be9d-abc31dc7b744} Standard.CommunicationInteraction...
Migrating 'conectare la dispozitiv'{aa724e9b-394f-4a66-afef-d1513cec41a8} Standard.CommunicationDiagram diagram in 'conectarea la dispozitiv'{8196e98b-55ec-4e16-8500-1542f1897290} Standard.CommunicationInteraction...
Migrating 'Interaction Sequence diagram'{72708c76-cfdc-4083-8b19-26b40cb57160} Standard.SequenceDiagram diagram in 'Interaction'{fb26ac7e-6253-43c5-9493-c5c3e777047e} Standard.Interaction...
Migrating 'adăguare dispozitiv'{7d87ca86-9071-4189-9714-f65ec6c95ad1} Standard.SequenceDiagram diagram in 'Interaction'{8a8daca6-19fd-4aae-b658-68ff638c9aa0} Standard.Interaction...
Migrating 'State Machine State Machine diagram'{8a37513d-b17f-44ef-b505-63204e2bbc0d} Standard.StateMachineDiagram diagram in 'State Machine'{985f4af8-68f7-48f8-b7d0-c2243f2d29d5} Standard.StateMachine...
Migrating 'State Machine State Machine diagram'{f343c839-0739-45bd-a3b6-020c7577b2c1} Standard.StateMachineDiagram diagram in 'State Machine'{b86df954-f3a9-4b28-878e-6538399f6579} Standard.StateMachine...
Migrating 'Gestionarea stărilor'{5e44df99-0981-4e1a-a728-958af7facf2f} Standard.ClassDiagram diagram in 'Old'{b30798e6-7802-4ef9-add5-32b5822934ba} Standard.Package...
Migrating 'gestionare stari Class diagram'{93d6c7b1-e73e-457b-9584-b727f0e6c54a} Standard.ClassDiagram diagram in 'gestionare stari'{1ae5e30d-23dd-4e29-a28e-d701b88b5ac6} Standard.Package...
Migrating 'dispozitiv (PackageContentStructureDiagramTemplate)'{58112c5d-58fc-4c89-a824-00fa560c83e0} Standard.ClassDiagram diagram in 'dispozitiv'{b346741a-a1c6-4dd3-9281-9c9cf0201ec9} Standard.Package...
Migrating 'aplicatie (PackageContentStructureDiagramTemplate)'{f0a1753f-d5f2-4b2f-81f4-245f303eddc6} Standard.ClassDiagram diagram in 'aplicatie'{00a24b38-57c7-41b1-b2f0-42ba7945ac86} Standard.Package...
Migrating 'senzori Class diagram'{7f4a042f-de78-42cf-b970-973c1103d042} Standard.ClassDiagram diagram in 'senzori'{abc0ccd9-b38c-45b6-b167-69da3235bf51} Standard.Package...
Migrating 'plasare Deployment diagram'{ea4a84d3-95d6-4a7f-89a2-dcf4faa8115d} Standard.DeploymentDiagram diagram in 'plasare'{bd29f296-1d43-42d7-9a11-1238d687be51} Standard.Package...
Migrating 'Imaginea generala Use Case diagram'{76154d9f-85a9-43f8-94eb-f75a32df56a8} Standard.UseCaseDiagram diagram in 'Imaginea generala'{2ea9ca41-04d0-4cf5-b1e1-3e17a0f9015c} Standard.Package...
Migrating 'Gestionarea sistemului Use Case diagram'{7d259b3e-7ee7-4604-93ff-fb5410cc7feb} Standard.UseCaseDiagram diagram in 'Gestionarea sistemului'{b274a099-3735-4d57-8e34-70ba1b54047b} Standard.Package...
  > log WARNING: java.lang.Throwable: Transaction 'DiagramMigrationContributor: Migrate 'Gestionarea sistemului Use Case diagram'{7d259b3e-7ee7-4604-93ff-fb5410cc7feb} Standard.UseCaseDiagram to Modelio 5.4.00' not committed, auto-rollbacking.
	at org.modelio.vcore.session.impl.transactions.Transaction.close(Transaction.java:275)
	at org.modelio.diagram.editor.contributors.DiagramMigrationContributor.lambda$0(DiagramMigrationContributor.java:110)
	at org.eclipse.swt.widgets.RunnableLock.run(RunnableLock.java:40)
	at org.eclipse.swt.widgets.Synchronizer.runAsyncMessages(Synchronizer.java:132)
	at org.eclipse.swt.widgets.Display.runAsyncMessages(Display.java:5000)
	at org.eclipse.swt.widgets.Display.readAndDispatch(Display.java:4480)
	at org.eclipse.jface.operation.ModalContext$ModalContextThread.block(ModalContext.java:166)
	at org.eclipse.jface.operation.ModalContext.run(ModalContext.java:368)
	at org.eclipse.jface.dialogs.ProgressMonitorDialog.run(ProgressMonitorDialog.java:468)
	at org.modelio.app.ui.progress.ModelioProgressService.run(ModelioProgressService.java:100)
	at org.modelio.app.project.ui.openproject.OpenProjectHandler.execute(OpenProjectHandler.java:119)
	at java.base/jdk.internal.reflect.NativeMethodAccessorImpl.invoke0(Native Method)
	at java.base/jdk.internal.reflect.NativeMethodAccessorImpl.invoke(NativeMethodAccessorImpl.java:62)
	at java.base/jdk.internal.reflect.DelegatingMethodAccessorImpl.invoke(DelegatingMethodAccessorImpl.java:43)
	at java.base/java.lang.reflect.Method.invoke(Method.java:566)
	at org.eclipse.e4.core.internal.di.MethodRequestor.execute(MethodRequestor.java:58)
	at org.eclipse.e4.core.internal.di.InjectorImpl.invokeUsingClass(InjectorImpl.java:319)
	at org.eclipse.e4.core.internal.di.InjectorImpl.invoke(InjectorImpl.java:253)
	at org.eclipse.e4.core.contexts.ContextInjectionFactory.invoke(ContextInjectionFactory.java:173)
	at org.eclipse.e4.core.commands.internal.HandlerServiceHandler.execute(HandlerServiceHandler.java:156)
	at org.eclipse.core.commands.Command.executeWithChecks(Command.java:488)
	at org.eclipse.core.commands.ParameterizedCommand.executeWithChecks(ParameterizedCommand.java:487)
	at org.eclipse.e4.core.commands.internal.HandlerServiceImpl.executeHandler(HandlerServiceImpl.java:213)
	at org.eclipse.e4.core.commands.internal.HandlerServiceImpl.executeHandler(HandlerServiceImpl.java:195)
	at org.modelio.app.project.ui.views.workspace.WorkspaceTreeView$2.doubleClick(WorkspaceTreeView.java:155)
	at org.eclipse.jface.viewers.StructuredViewer$1.run(StructuredViewer.java:782)
	at org.eclipse.core.runtime.SafeRunner.run(SafeRunner.java:45)
	at org.eclipse.jface.util.SafeRunnable.run(SafeRunnable.java:174)
	at org.eclipse.jface.viewers.StructuredViewer.fireDoubleClick(StructuredViewer.java:779)
	at org.eclipse.jface.viewers.AbstractTreeViewer.handleDoubleSelect(AbstractTreeViewer.java:1531)
	at org.eclipse.jface.viewers.StructuredViewer$4.widgetDefaultSelected(StructuredViewer.java:1213)
	at org.eclipse.jface.util.OpenStrategy.fireDefaultSelectionEvent(OpenStrategy.java:251)
	at org.eclipse.jface.util.OpenStrategy.access$0(OpenStrategy.java:249)
	at org.eclipse.jface.util.OpenStrategy$1.handleEvent(OpenStrategy.java:308)
	at org.eclipse.swt.widgets.EventTable.sendEvent(EventTable.java:89)
	at org.eclipse.swt.widgets.Display.sendEvent(Display.java:5794)
	at org.eclipse.swt.widgets.Widget.sendEvent(Widget.java:1529)
	at org.eclipse.swt.widgets.Display.runDeferredEvents(Display.java:5025)
	at org.eclipse.swt.widgets.Display.readAndDispatch(Display.java:4477)
	at org.eclipse.e4.ui.internal.workbench.swt.PartRenderingEngine$5.run(PartRenderingEngine.java:1157)
	at org.eclipse.core.databinding.observable.Realm.runWithDefault(Realm.java:338)
	at org.eclipse.e4.ui.internal.workbench.swt.PartRenderingEngine.run(PartRenderingEngine.java:1046)
	at org.eclipse.e4.ui.internal.workbench.E4Workbench.createAndRunUI(E4Workbench.java:155)
	at org.eclipse.e4.ui.internal.workbench.swt.E4Application.start(E4Application.java:166)
	at org.eclipse.equinox.internal.app.EclipseAppHandle.run(EclipseAppHandle.java:203)
	at org.eclipse.core.runtime.internal.adaptor.EclipseAppLauncher.runApplication(EclipseAppLauncher.java:134)
	at org.eclipse.core.runtime.internal.adaptor.EclipseAppLauncher.start(EclipseAppLauncher.java:104)
	at org.eclipse.core.runtime.adaptor.EclipseStarter.run(EclipseStarter.java:401)
	at org.eclipse.core.runtime.adaptor.EclipseStarter.run(EclipseStarter.java:255)
	at java.base/jdk.internal.reflect.NativeMethodAccessorImpl.invoke0(Native Method)
	at java.base/jdk.internal.reflect.NativeMethodAccessorImpl.invoke(NativeMethodAccessorImpl.java:62)
	at java.base/jdk.internal.reflect.DelegatingMethodAccessorImpl.invoke(DelegatingMethodAccessorImpl.java:43)
	at java.base/java.lang.reflect.Method.invoke(Method.java:566)
	at org.eclipse.equinox.launcher.Main.invokeFramework(Main.java:653)
	at org.eclipse.equinox.launcher.Main.basicRun(Main.java:590)
	at org.eclipse.equinox.launcher.Main.run(Main.java:1461)
	at org.eclipse.equinox.launcher.Main.main(Main.java:1434)

ERROR Migrating 'Gestionarea sistemului Use Case diagram'{7d259b3e-7ee7-4604-93ff-fb5410cc7feb} Standard.UseCaseDiagram diagram : null
java.lang.NullPointerException
	at org.modelio.uml.usecasediagram.editor.elements.usecasedependency.GmUseCaseDependency.getToElement(GmUseCaseDependency.java:107)
	at org.modelio.diagram.elements.core.node.GmNodeModel.delete(GmNodeModel.java:144)
	at org.modelio.diagram.elements.core.node.GmCompositeNode.delete(GmCompositeNode.java:132)
	at org.modelio.diagram.elements.core.node.GmCompositeNode.delete(GmCompositeNode.java:122)
	at org.modelio.diagram.elements.core.node.GmCompositeNode.delete(GmCompositeNode.java:122)
	at org.modelio.diagram.elements.common.abstractdiagram.GmAbstractDiagram.dispose(GmAbstractDiagram.java:382)
	at org.modelio.diagram.editor.DiagramEditorInput.dispose(DiagramEditorInput.java:122)
	at org.modelio.diagram.editor.silent.SilentDiagramEditor.disposeHandle(SilentDiagramEditor.java:135)
	at org.modelio.diagram.api.services.DiagramHandle.close(DiagramHandle.java:86)
	at org.modelio.diagram.editor.contributors.DiagramMigrationContributor.migrateGmModel(DiagramMigrationContributor.java:131)
	at org.modelio.diagram.editor.contributors.DiagramMigrationContributor.lambda$0(DiagramMigrationContributor.java:103)
	at org.eclipse.swt.widgets.RunnableLock.run(RunnableLock.java:40)
	at org.eclipse.swt.widgets.Synchronizer.runAsyncMessages(Synchronizer.java:132)
	at org.eclipse.swt.widgets.Display.runAsyncMessages(Display.java:5000)
	at org.eclipse.swt.widgets.Display.readAndDispatch(Display.java:4480)
	at org.eclipse.jface.operation.ModalContext$ModalContextThread.block(ModalContext.java:166)
	at org.eclipse.jface.operation.ModalContext.run(ModalContext.java:368)
	at org.eclipse.jface.dialogs.ProgressMonitorDialog.run(ProgressMonitorDialog.java:468)
	at org.modelio.app.ui.progress.ModelioProgressService.run(ModelioProgressService.java:100)
	at org.modelio.app.project.ui.openproject.OpenProjectHandler.execute(OpenProjectHandler.java:119)
	at java.base/jdk.internal.reflect.NativeMethodAccessorImpl.invoke0(Native Method)
	at java.base/jdk.internal.reflect.NativeMethodAccessorImpl.invoke(NativeMethodAccessorImpl.java:62)
	at java.base/jdk.internal.reflect.DelegatingMethodAccessorImpl.invoke(DelegatingMethodAccessorImpl.java:43)
	at java.base/java.lang.reflect.Method.invoke(Method.java:566)
	at org.eclipse.e4.core.internal.di.MethodRequestor.execute(MethodRequestor.java:58)
	at org.eclipse.e4.core.internal.di.InjectorImpl.invokeUsingClass(InjectorImpl.java:319)
	at org.eclipse.e4.core.internal.di.InjectorImpl.invoke(InjectorImpl.java:253)
	at org.eclipse.e4.core.contexts.ContextInjectionFactory.invoke(ContextInjectionFactory.java:173)
	at org.eclipse.e4.core.commands.internal.HandlerServiceHandler.execute(HandlerServiceHandler.java:156)
	at org.eclipse.core.commands.Command.executeWithChecks(Command.java:488)
	at org.eclipse.core.commands.ParameterizedCommand.executeWithChecks(ParameterizedCommand.java:487)
	at org.eclipse.e4.core.commands.internal.HandlerServiceImpl.executeHandler(HandlerServiceImpl.java:213)
	at org.eclipse.e4.core.commands.internal.HandlerServiceImpl.executeHandler(HandlerServiceImpl.java:195)
	at org.modelio.app.project.ui.views.workspace.WorkspaceTreeView$2.doubleClick(WorkspaceTreeView.java:155)
	at org.eclipse.jface.viewers.StructuredViewer$1.run(StructuredViewer.java:782)
	at org.eclipse.core.runtime.SafeRunner.run(SafeRunner.java:45)
	at org.eclipse.jface.util.SafeRunnable.run(SafeRunnable.java:174)
	at org.eclipse.jface.viewers.StructuredViewer.fireDoubleClick(StructuredViewer.java:779)
	at org.eclipse.jface.viewers.AbstractTreeViewer.handleDoubleSelect(AbstractTreeViewer.java:1531)
	at org.eclipse.jface.viewers.StructuredViewer$4.widgetDefaultSelected(StructuredViewer.java:1213)
	at org.eclipse.jface.util.OpenStrategy.fireDefaultSelectionEvent(OpenStrategy.java:251)
	at org.eclipse.jface.util.OpenStrategy.access$0(OpenStrategy.java:249)
	at org.eclipse.jface.util.OpenStrategy$1.handleEvent(OpenStrategy.java:308)
	at org.eclipse.swt.widgets.EventTable.sendEvent(EventTable.java:89)
	at org.eclipse.swt.widgets.Display.sendEvent(Display.java:5794)
	at org.eclipse.swt.widgets.Widget.sendEvent(Widget.java:1529)
	at org.eclipse.swt.widgets.Display.runDeferredEvents(Display.java:5025)
	at org.eclipse.swt.widgets.Display.readAndDispatch(Display.java:4477)
	at org.eclipse.e4.ui.internal.workbench.swt.PartRenderingEngine$5.run(PartRenderingEngine.java:1157)
	at org.eclipse.core.databinding.observable.Realm.runWithDefault(Realm.java:338)
	at org.eclipse.e4.ui.internal.workbench.swt.PartRenderingEngine.run(PartRenderingEngine.java:1046)
	at org.eclipse.e4.ui.internal.workbench.E4Workbench.createAndRunUI(E4Workbench.java:155)
	at org.eclipse.e4.ui.internal.workbench.swt.E4Application.start(E4Application.java:166)
	at org.eclipse.equinox.internal.app.EclipseAppHandle.run(EclipseAppHandle.java:203)
	at org.eclipse.core.runtime.internal.adaptor.EclipseAppLauncher.runApplication(EclipseAppLauncher.java:134)
	at org.eclipse.core.runtime.internal.adaptor.EclipseAppLauncher.start(EclipseAppLauncher.java:104)
	at org.eclipse.core.runtime.adaptor.EclipseStarter.run(EclipseStarter.java:401)
	at org.eclipse.core.runtime.adaptor.EclipseStarter.run(EclipseStarter.java:255)
	at java.base/jdk.internal.reflect.NativeMethodAccessorImpl.invoke0(Native Method)
	at java.base/jdk.internal.reflect.NativeMethodAccessorImpl.invoke(NativeMethodAccessorImpl.java:62)
	at java.base/jdk.internal.reflect.DelegatingMethodAccessorImpl.invoke(DelegatingMethodAccessorImpl.java:43)
	at java.base/java.lang.reflect.Method.invoke(Method.java:566)
	at org.eclipse.equinox.launcher.Main.invokeFramework(Main.java:653)
	at org.eclipse.equinox.launcher.Main.basicRun(Main.java:590)
	at org.eclipse.equinox.launcher.Main.run(Main.java:1461)
	at org.eclipse.equinox.launcher.Main.main(Main.java:1434)
Migrating 'Vizualizarea datelor Use Case diagram'{5dce5d81-0fac-4b2d-9c9a-ace8d41f3574} Standard.UseCaseDiagram diagram in 'Vizualizarea datelor'{3bcb0759-278c-461b-96fb-a419e1bc82a1} Standard.Package...
Migrating 'gestionarea datelor'{f8da963e-9849-48a1-a3bc-7416e1c419b5} Standard.UseCaseDiagram diagram in 'Old'{5356deb5-1c43-4666-8cb3-7ca8db00dcef} Standard.Package...
Migrating 'Conectarea la platforma externa Use Case diagram'{6e983066-f447-4f6e-b273-fe9815fb4669} Standard.UseCaseDiagram diagram in 'Conectarea la platforma externa'{3e143626-2cc7-4189-ac24-ec8d3750ad14} Standard.Package...
Migrating 'Actualizare software Use Case diagram'{1a5030cf-8b0b-4468-be6f-4e558cb861eb} Standard.UseCaseDiagram diagram in 'Actualizare software'{adfe4ddc-52ab-4c5f-bcad-38bd70fa892f} Standard.Package...
  > log WARNING: java.lang.Throwable: Transaction 'DiagramMigrationContributor: Migrate 'Actualizare software Use Case diagram'{1a5030cf-8b0b-4468-be6f-4e558cb861eb} Standard.UseCaseDiagram to Modelio 5.4.00' not committed, auto-rollbacking.
	at org.modelio.vcore.session.impl.transactions.Transaction.close(Transaction.java:275)
	at org.modelio.diagram.editor.contributors.DiagramMigrationContributor.lambda$0(DiagramMigrationContributor.java:110)
	at org.eclipse.swt.widgets.RunnableLock.run(RunnableLock.java:40)
	at org.eclipse.swt.widgets.Synchronizer.runAsyncMessages(Synchronizer.java:132)
	at org.eclipse.swt.widgets.Display.runAsyncMessages(Display.java:5000)
	at org.eclipse.swt.widgets.Display.readAndDispatch(Display.java:4480)
	at org.eclipse.jface.operation.ModalContext$ModalContextThread.block(ModalContext.java:166)
	at org.eclipse.jface.operation.ModalContext.run(ModalContext.java:368)
	at org.eclipse.jface.dialogs.ProgressMonitorDialog.run(ProgressMonitorDialog.java:468)
	at org.modelio.app.ui.progress.ModelioProgressService.run(ModelioProgressService.java:100)
	at org.modelio.app.project.ui.openproject.OpenProjectHandler.execute(OpenProjectHandler.java:119)
	at java.base/jdk.internal.reflect.NativeMethodAccessorImpl.invoke0(Native Method)
	at java.base/jdk.internal.reflect.NativeMethodAccessorImpl.invoke(NativeMethodAccessorImpl.java:62)
	at java.base/jdk.internal.reflect.DelegatingMethodAccessorImpl.invoke(DelegatingMethodAccessorImpl.java:43)
	at java.base/java.lang.reflect.Method.invoke(Method.java:566)
	at org.eclipse.e4.core.internal.di.MethodRequestor.execute(MethodRequestor.java:58)
	at org.eclipse.e4.core.internal.di.InjectorImpl.invokeUsingClass(InjectorImpl.java:319)
	at org.eclipse.e4.core.internal.di.InjectorImpl.invoke(InjectorImpl.java:253)
	at org.eclipse.e4.core.contexts.ContextInjectionFactory.invoke(ContextInjectionFactory.java:173)
	at org.eclipse.e4.core.commands.internal.HandlerServiceHandler.execute(HandlerServiceHandler.java:156)
	at org.eclipse.core.commands.Command.executeWithChecks(Command.java:488)
	at org.eclipse.core.commands.ParameterizedCommand.executeWithChecks(ParameterizedCommand.java:487)
	at org.eclipse.e4.core.commands.internal.HandlerServiceImpl.executeHandler(HandlerServiceImpl.java:213)
	at org.eclipse.e4.core.commands.internal.HandlerServiceImpl.executeHandler(HandlerServiceImpl.java:195)
	at org.modelio.app.project.ui.views.workspace.WorkspaceTreeView$2.doubleClick(WorkspaceTreeView.java:155)
	at org.eclipse.jface.viewers.StructuredViewer$1.run(StructuredViewer.java:782)
	at org.eclipse.core.runtime.SafeRunner.run(SafeRunner.java:45)
	at org.eclipse.jface.util.SafeRunnable.run(SafeRunnable.java:174)
	at org.eclipse.jface.viewers.StructuredViewer.fireDoubleClick(StructuredViewer.java:779)
	at org.eclipse.jface.viewers.AbstractTreeViewer.handleDoubleSelect(AbstractTreeViewer.java:1531)
	at org.eclipse.jface.viewers.StructuredViewer$4.widgetDefaultSelected(StructuredViewer.java:1213)
	at org.eclipse.jface.util.OpenStrategy.fireDefaultSelectionEvent(OpenStrategy.java:251)
	at org.eclipse.jface.util.OpenStrategy.access$0(OpenStrategy.java:249)
	at org.eclipse.jface.util.OpenStrategy$1.handleEvent(OpenStrategy.java:308)
	at org.eclipse.swt.widgets.EventTable.sendEvent(EventTable.java:89)
	at org.eclipse.swt.widgets.Display.sendEvent(Display.java:5794)
	at org.eclipse.swt.widgets.Widget.sendEvent(Widget.java:1529)
	at org.eclipse.swt.widgets.Display.runDeferredEvents(Display.java:5025)
	at org.eclipse.swt.widgets.Display.readAndDispatch(Display.java:4477)
	at org.eclipse.e4.ui.internal.workbench.swt.PartRenderingEngine$5.run(PartRenderingEngine.java:1157)
	at org.eclipse.core.databinding.observable.Realm.runWithDefault(Realm.java:338)
	at org.eclipse.e4.ui.internal.workbench.swt.PartRenderingEngine.run(PartRenderingEngine.java:1046)
	at org.eclipse.e4.ui.internal.workbench.E4Workbench.createAndRunUI(E4Workbench.java:155)
	at org.eclipse.e4.ui.internal.workbench.swt.E4Application.start(E4Application.java:166)
	at org.eclipse.equinox.internal.app.EclipseAppHandle.run(EclipseAppHandle.java:203)
	at org.eclipse.core.runtime.internal.adaptor.EclipseAppLauncher.runApplication(EclipseAppLauncher.java:134)
	at org.eclipse.core.runtime.internal.adaptor.EclipseAppLauncher.start(EclipseAppLauncher.java:104)
	at org.eclipse.core.runtime.adaptor.EclipseStarter.run(EclipseStarter.java:401)
	at org.eclipse.core.runtime.adaptor.EclipseStarter.run(EclipseStarter.java:255)
	at java.base/jdk.internal.reflect.NativeMethodAccessorImpl.invoke0(Native Method)
	at java.base/jdk.internal.reflect.NativeMethodAccessorImpl.invoke(NativeMethodAccessorImpl.java:62)
	at java.base/jdk.internal.reflect.DelegatingMethodAccessorImpl.invoke(DelegatingMethodAccessorImpl.java:43)
	at java.base/java.lang.reflect.Method.invoke(Method.java:566)
	at org.eclipse.equinox.launcher.Main.invokeFramework(Main.java:653)
	at org.eclipse.equinox.launcher.Main.basicRun(Main.java:590)
	at org.eclipse.equinox.launcher.Main.run(Main.java:1461)
	at org.eclipse.equinox.launcher.Main.main(Main.java:1434)

ERROR Migrating 'Actualizare software Use Case diagram'{1a5030cf-8b0b-4468-be6f-4e558cb861eb} Standard.UseCaseDiagram diagram : null
java.lang.NullPointerException
	at org.modelio.uml.usecasediagram.editor.elements.usecasedependency.GmUseCaseDependency.getFromElement(GmUseCaseDependency.java:77)
	at org.modelio.diagram.elements.core.node.GmNodeModel.delete(GmNodeModel.java:137)
	at org.modelio.diagram.elements.core.node.GmCompositeNode.delete(GmCompositeNode.java:132)
	at org.modelio.diagram.elements.core.node.GmCompositeNode.delete(GmCompositeNode.java:122)
	at org.modelio.diagram.elements.core.node.GmCompositeNode.delete(GmCompositeNode.java:122)
	at org.modelio.diagram.elements.common.abstractdiagram.GmAbstractDiagram.dispose(GmAbstractDiagram.java:382)
	at org.modelio.diagram.editor.DiagramEditorInput.dispose(DiagramEditorInput.java:122)
	at org.modelio.diagram.editor.silent.SilentDiagramEditor.disposeHandle(SilentDiagramEditor.java:135)
	at org.modelio.diagram.api.services.DiagramHandle.close(DiagramHandle.java:86)
	at org.modelio.diagram.editor.contributors.DiagramMigrationContributor.migrateGmModel(DiagramMigrationContributor.java:131)
	at org.modelio.diagram.editor.contributors.DiagramMigrationContributor.lambda$0(DiagramMigrationContributor.java:103)
	at org.eclipse.swt.widgets.RunnableLock.run(RunnableLock.java:40)
	at org.eclipse.swt.widgets.Synchronizer.runAsyncMessages(Synchronizer.java:132)
	at org.eclipse.swt.widgets.Display.runAsyncMessages(Display.java:5000)
	at org.eclipse.swt.widgets.Display.readAndDispatch(Display.java:4480)
	at org.eclipse.jface.operation.ModalContext$ModalContextThread.block(ModalContext.java:166)
	at org.eclipse.jface.operation.ModalContext.run(ModalContext.java:368)
	at org.eclipse.jface.dialogs.ProgressMonitorDialog.run(ProgressMonitorDialog.java:468)
	at org.modelio.app.ui.progress.ModelioProgressService.run(ModelioProgressService.java:100)
	at org.modelio.app.project.ui.openproject.OpenProjectHandler.execute(OpenProjectHandler.java:119)
	at java.base/jdk.internal.reflect.NativeMethodAccessorImpl.invoke0(Native Method)
	at java.base/jdk.internal.reflect.NativeMethodAccessorImpl.invoke(NativeMethodAccessorImpl.java:62)
	at java.base/jdk.internal.reflect.DelegatingMethodAccessorImpl.invoke(DelegatingMethodAccessorImpl.java:43)
	at java.base/java.lang.reflect.Method.invoke(Method.java:566)
	at org.eclipse.e4.core.internal.di.MethodRequestor.execute(MethodRequestor.java:58)
	at org.eclipse.e4.core.internal.di.InjectorImpl.invokeUsingClass(InjectorImpl.java:319)
	at org.eclipse.e4.core.internal.di.InjectorImpl.invoke(InjectorImpl.java:253)
	at org.eclipse.e4.core.contexts.ContextInjectionFactory.invoke(ContextInjectionFactory.java:173)
	at org.eclipse.e4.core.commands.internal.HandlerServiceHandler.execute(HandlerServiceHandler.java:156)
	at org.eclipse.core.commands.Command.executeWithChecks(Command.java:488)
	at org.eclipse.core.commands.ParameterizedCommand.executeWithChecks(ParameterizedCommand.java:487)
	at org.eclipse.e4.core.commands.internal.HandlerServiceImpl.executeHandler(HandlerServiceImpl.java:213)
	at org.eclipse.e4.core.commands.internal.HandlerServiceImpl.executeHandler(HandlerServiceImpl.java:195)
	at org.modelio.app.project.ui.views.workspace.WorkspaceTreeView$2.doubleClick(WorkspaceTreeView.java:155)
	at org.eclipse.jface.viewers.StructuredViewer$1.run(StructuredViewer.java:782)
	at org.eclipse.core.runtime.SafeRunner.run(SafeRunner.java:45)
	at org.eclipse.jface.util.SafeRunnable.run(SafeRunnable.java:174)
	at org.eclipse.jface.viewers.StructuredViewer.fireDoubleClick(StructuredViewer.java:779)
	at org.eclipse.jface.viewers.AbstractTreeViewer.handleDoubleSelect(AbstractTreeViewer.java:1531)
	at org.eclipse.jface.viewers.StructuredViewer$4.widgetDefaultSelected(StructuredViewer.java:1213)
	at org.eclipse.jface.util.OpenStrategy.fireDefaultSelectionEvent(OpenStrategy.java:251)
	at org.eclipse.jface.util.OpenStrategy.access$0(OpenStrategy.java:249)
	at org.eclipse.jface.util.OpenStrategy$1.handleEvent(OpenStrategy.java:308)
	at org.eclipse.swt.widgets.EventTable.sendEvent(EventTable.java:89)
	at org.eclipse.swt.widgets.Display.sendEvent(Display.java:5794)
	at org.eclipse.swt.widgets.Widget.sendEvent(Widget.java:1529)
	at org.eclipse.swt.widgets.Display.runDeferredEvents(Display.java:5025)
	at org.eclipse.swt.widgets.Display.readAndDispatch(Display.java:4477)
	at org.eclipse.e4.ui.internal.workbench.swt.PartRenderingEngine$5.run(PartRenderingEngine.java:1157)
	at org.eclipse.core.databinding.observable.Realm.runWithDefault(Realm.java:338)
	at org.eclipse.e4.ui.internal.workbench.swt.PartRenderingEngine.run(PartRenderingEngine.java:1046)
	at org.eclipse.e4.ui.internal.workbench.E4Workbench.createAndRunUI(E4Workbench.java:155)
	at org.eclipse.e4.ui.internal.workbench.swt.E4Application.start(E4Application.java:166)
	at org.eclipse.equinox.internal.app.EclipseAppHandle.run(EclipseAppHandle.java:203)
	at org.eclipse.core.runtime.internal.adaptor.EclipseAppLauncher.runApplication(EclipseAppLauncher.java:134)
	at org.eclipse.core.runtime.internal.adaptor.EclipseAppLauncher.start(EclipseAppLauncher.java:104)
	at org.eclipse.core.runtime.adaptor.EclipseStarter.run(EclipseStarter.java:401)
	at org.eclipse.core.runtime.adaptor.EclipseStarter.run(EclipseStarter.java:255)
	at java.base/jdk.internal.reflect.NativeMethodAccessorImpl.invoke0(Native Method)
	at java.base/jdk.internal.reflect.NativeMethodAccessorImpl.invoke(NativeMethodAccessorImpl.java:62)
	at java.base/jdk.internal.reflect.DelegatingMethodAccessorImpl.invoke(DelegatingMethodAccessorImpl.java:43)
	at java.base/java.lang.reflect.Method.invoke(Method.java:566)
	at org.eclipse.equinox.launcher.Main.invokeFramework(Main.java:653)
	at org.eclipse.equinox.launcher.Main.basicRun(Main.java:590)
	at org.eclipse.equinox.launcher.Main.run(Main.java:1461)
	at org.eclipse.equinox.launcher.Main.main(Main.java:1434)
'MonitorizareaMediului' migration sucessful.
Archiving 'MonitorizareaMediului' model backup to '/home/catalin/modelio/workspace/MonitorizareaMediului/.runtime/fragments/MonitorizareaMediului/migration_archive' ...
